<?xml version="1.0" encoding="UTF-8"?>
<!-- Generated by org.testng.reporters.JUnitReportReporter -->
<testsuite skipped="0" hostname="DESKTOP-ONT1SMD" name="com.org.ClassA" tests="1" failures="0" timestamp="05 Oct 2021 22:21:57 GMT" time="83.604" errors="0">
  <testcase name="tc1" time="83.604" classname="com.org.ClassA"/>
</testsuite> <!-- com.org.ClassA -->
